Combos: 288
[1/288] fs=90 d=0 e=0 iou=0.0 ch=1.0 asp=1.05 -> 237/275 86.18%
[2/288] fs=90 d=0 e=0 iou=0.0 ch=1.0 asp=1.1 -> 240/275 87.27%
[3/288] fs=90 d=0 e=0 iou=0.0 ch=1.0 asp=1.15 -> 242/275 88.00%
[4/288] fs=90 d=0 e=0 iou=0.0 ch=1.0 asp=1.25 -> 241/275 87.64%
[5/288] fs=90 d=0 e=0 iou=0.5 ch=1.0 asp=1.05 -> 240/275 87.27%
[6/288] fs=90 d=0 e=0 iou=0.5 ch=1.0 asp=1.1 -> 243/275 88.36%
[7/288] fs=90 d=0 e=0 iou=0.5 ch=1.0 asp=1.15 -> 245/275 89.09%
[8/288] fs=90 d=0 e=0 iou=0.5 ch=1.0 asp=1.25 -> 244/275 88.73%
[9/288] fs=90 d=0 e=0 iou=1.0 ch=1.0 asp=1.05 -> 240/275 87.27%
[10/288] fs=90 d=0 e=0 iou=1.0 ch=1.0 asp=1.1 -> 243/275 88.36%
[11/288] fs=90 d=0 e=0 iou=1.0 ch=1.0 asp=1.15 -> 245/275 89.09%
[12/288] fs=90 d=0 e=0 iou=1.0 ch=1.0 asp=1.25 -> 244/275 88.73%
[13/288] fs=90 d=0 e=0 iou=2.0 ch=1.0 asp=1.05 -> 240/275 87.27%
[14/288] fs=90 d=0 e=0 iou=2.0 ch=1.0 asp=1.1 -> 243/275 88.36%
[15/288] fs=90 d=0 e=0 iou=2.0 ch=1.0 asp=1.15 -> 245/275 89.09%
[16/288] fs=90 d=0 e=0 iou=2.0 ch=1.0 asp=1.25 -> 244/275 88.73%
[17/288] fs=90 d=0 e=3 iou=0.0 ch=1.0 asp=1.05 -> 240/275 87.27%
[18/288] fs=90 d=0 e=3 iou=0.0 ch=1.0 asp=1.1 -> 243/275 88.36%
[19/288] fs=90 d=0 e=3 iou=0.0 ch=1.0 asp=1.15 -> 245/275 89.09%
[20/288] fs=90 d=0 e=3 iou=0.0 ch=1.0 asp=1.25 -> 244/275 88.73%
[21/288] fs=90 d=0 e=3 iou=0.5 ch=1.0 asp=1.05 -> 239/275 86.91%
[22/288] fs=90 d=0 e=3 iou=0.5 ch=1.0 asp=1.1 -> 242/275 88.00%
[23/288] fs=90 d=0 e=3 iou=0.5 ch=1.0 asp=1.15 -> 243/275 88.36%
[24/288] fs=90 d=0 e=3 iou=0.5 ch=1.0 asp=1.25 -> 242/275 88.00%
[25/288] fs=90 d=0 e=3 iou=1.0 ch=1.0 asp=1.05 -> 237/275 86.18%
[26/288] fs=90 d=0 e=3 iou=1.0 ch=1.0 asp=1.1 -> 240/275 87.27%
[27/288] fs=90 d=0 e=3 iou=1.0 ch=1.0 asp=1.15 -> 241/275 87.64%
[28/288] fs=90 d=0 e=3 iou=1.0 ch=1.0 asp=1.25 -> 240/275 87.27%
[29/288] fs=90 d=0 e=3 iou=2.0 ch=1.0 asp=1.05 -> 237/275 86.18%
[30/288] fs=90 d=0 e=3 iou=2.0 ch=1.0 asp=1.1 -> 240/275 87.27%
[31/288] fs=90 d=0 e=3 iou=2.0 ch=1.0 asp=1.15 -> 241/275 87.64%
[32/288] fs=90 d=0 e=3 iou=2.0 ch=1.0 asp=1.25 -> 240/275 87.27%
[33/288] fs=90 d=3 e=0 iou=0.0 ch=1.0 asp=1.05 -> 236/275 85.82%
[34/288] fs=90 d=3 e=0 iou=0.0 ch=1.0 asp=1.1 -> 239/275 86.91%
[35/288] fs=90 d=3 e=0 iou=0.0 ch=1.0 asp=1.15 -> 241/275 87.64%
[36/288] fs=90 d=3 e=0 iou=0.0 ch=1.0 asp=1.25 -> 240/275 87.27%
[37/288] fs=90 d=3 e=0 iou=0.5 ch=1.0 asp=1.05 -> 232/275 84.36%
[38/288] fs=90 d=3 e=0 iou=0.5 ch=1.0 asp=1.1 -> 235/275 85.45%
[39/288] fs=90 d=3 e=0 iou=0.5 ch=1.0 asp=1.15 -> 237/275 86.18%
[40/288] fs=90 d=3 e=0 iou=0.5 ch=1.0 asp=1.25 -> 236/275 85.82%
[41/288] fs=90 d=3 e=0 iou=1.0 ch=1.0 asp=1.05 -> 228/275 82.91%
[42/288] fs=90 d=3 e=0 iou=1.0 ch=1.0 asp=1.1 -> 231/275 84.00%
[43/288] fs=90 d=3 e=0 iou=1.0 ch=1.0 asp=1.15 -> 233/275 84.73%
[44/288] fs=90 d=3 e=0 iou=1.0 ch=1.0 asp=1.25 -> 232/275 84.36%
[45/288] fs=90 d=3 e=0 iou=2.0 ch=1.0 asp=1.05 -> 228/275 82.91%
[46/288] fs=90 d=3 e=0 iou=2.0 ch=1.0 asp=1.1 -> 231/275 84.00%
[47/288] fs=90 d=3 e=0 iou=2.0 ch=1.0 asp=1.15 -> 233/275 84.73%
[48/288] fs=90 d=3 e=0 iou=2.0 ch=1.0 asp=1.25 -> 232/275 84.36%
[49/288] fs=90 d=3 e=3 iou=0.0 ch=1.0 asp=1.05 -> 237/275 86.18%
[50/288] fs=90 d=3 e=3 iou=0.0 ch=1.0 asp=1.1 -> 240/275 87.27%
[51/288] fs=90 d=3 e=3 iou=0.0 ch=1.0 asp=1.15 -> 242/275 88.00%
[52/288] fs=90 d=3 e=3 iou=0.0 ch=1.0 asp=1.25 -> 241/275 87.64%
[53/288] fs=90 d=3 e=3 iou=0.5 ch=1.0 asp=1.05 -> 240/275 87.27%
[54/288] fs=90 d=3 e=3 iou=0.5 ch=1.0 asp=1.1 -> 243/275 88.36%
[55/288] fs=90 d=3 e=3 iou=0.5 ch=1.0 asp=1.15 -> 245/275 89.09%
[56/288] fs=90 d=3 e=3 iou=0.5 ch=1.0 asp=1.25 -> 244/275 88.73%
[57/288] fs=90 d=3 e=3 iou=1.0 ch=1.0 asp=1.05 -> 240/275 87.27%
[58/288] fs=90 d=3 e=3 iou=1.0 ch=1.0 asp=1.1 -> 243/275 88.36%
[59/288] fs=90 d=3 e=3 iou=1.0 ch=1.0 asp=1.15 -> 245/275 89.09%
[60/288] fs=90 d=3 e=3 iou=1.0 ch=1.0 asp=1.25 -> 244/275 88.73%
[61/288] fs=90 d=3 e=3 iou=2.0 ch=1.0 asp=1.05 -> 240/275 87.27%
[62/288] fs=90 d=3 e=3 iou=2.0 ch=1.0 asp=1.1 -> 243/275 88.36%
[63/288] fs=90 d=3 e=3 iou=2.0 ch=1.0 asp=1.15 -> 245/275 89.09%
[64/288] fs=90 d=3 e=3 iou=2.0 ch=1.0 asp=1.25 -> 244/275 88.73%
[65/288] fs=90 d=5 e=0 iou=0.0 ch=1.0 asp=1.05 -> 221/275 80.36%
[66/288] fs=90 d=5 e=0 iou=0.0 ch=1.0 asp=1.1 -> 224/275 81.45%
[67/288] fs=90 d=5 e=0 iou=0.0 ch=1.0 asp=1.15 -> 226/275 82.18%
[68/288] fs=90 d=5 e=0 iou=0.0 ch=1.0 asp=1.25 -> 225/275 81.82%
[69/288] fs=90 d=5 e=0 iou=0.5 ch=1.0 asp=1.05 -> 220/275 80.00%
[70/288] fs=90 d=5 e=0 iou=0.5 ch=1.0 asp=1.1 -> 223/275 81.09%
[71/288] fs=90 d=5 e=0 iou=0.5 ch=1.0 asp=1.15 -> 225/275 81.82%
[72/288] fs=90 d=5 e=0 iou=0.5 ch=1.0 asp=1.25 -> 224/275 81.45%
[73/288] fs=90 d=5 e=0 iou=1.0 ch=1.0 asp=1.05 -> 220/275 80.00%
[74/288] fs=90 d=5 e=0 iou=1.0 ch=1.0 asp=1.1 -> 223/275 81.09%
[75/288] fs=90 d=5 e=0 iou=1.0 ch=1.0 asp=1.15 -> 225/275 81.82%
[76/288] fs=90 d=5 e=0 iou=1.0 ch=1.0 asp=1.25 -> 224/275 81.45%
[77/288] fs=90 d=5 e=0 iou=2.0 ch=1.0 asp=1.05 -> 220/275 80.00%
[78/288] fs=90 d=5 e=0 iou=2.0 ch=1.0 asp=1.1 -> 223/275 81.09%
[79/288] fs=90 d=5 e=0 iou=2.0 ch=1.0 asp=1.15 -> 225/275 81.82%
[80/288] fs=90 d=5 e=0 iou=2.0 ch=1.0 asp=1.25 -> 224/275 81.45%
[81/288] fs=90 d=5 e=3 iou=0.0 ch=1.0 asp=1.05 -> 236/275 85.82%
[82/288] fs=90 d=5 e=3 iou=0.0 ch=1.0 asp=1.1 -> 239/275 86.91%
[83/288] fs=90 d=5 e=3 iou=0.0 ch=1.0 asp=1.15 -> 241/275 87.64%
[84/288] fs=90 d=5 e=3 iou=0.0 ch=1.0 asp=1.25 -> 240/275 87.27%
[85/288] fs=90 d=5 e=3 iou=0.5 ch=1.0 asp=1.05 -> 232/275 84.36%
[86/288] fs=90 d=5 e=3 iou=0.5 ch=1.0 asp=1.1 -> 235/275 85.45%
[87/288] fs=90 d=5 e=3 iou=0.5 ch=1.0 asp=1.15 -> 237/275 86.18%
[88/288] fs=90 d=5 e=3 iou=0.5 ch=1.0 asp=1.25 -> 236/275 85.82%
[89/288] fs=90 d=5 e=3 iou=1.0 ch=1.0 asp=1.05 -> 228/275 82.91%
[90/288] fs=90 d=5 e=3 iou=1.0 ch=1.0 asp=1.1 -> 231/275 84.00%
[91/288] fs=90 d=5 e=3 iou=1.0 ch=1.0 asp=1.15 -> 233/275 84.73%
[92/288] fs=90 d=5 e=3 iou=1.0 ch=1.0 asp=1.25 -> 232/275 84.36%
[93/288] fs=90 d=5 e=3 iou=2.0 ch=1.0 asp=1.05 -> 228/275 82.91%
[94/288] fs=90 d=5 e=3 iou=2.0 ch=1.0 asp=1.1 -> 231/275 84.00%
[95/288] fs=90 d=5 e=3 iou=2.0 ch=1.0 asp=1.15 -> 233/275 84.73%
[96/288] fs=90 d=5 e=3 iou=2.0 ch=1.0 asp=1.25 -> 232/275 84.36%
[97/288] fs=110 d=0 e=0 iou=0.0 ch=1.0 asp=1.05 -> 237/275 86.18%
[98/288] fs=110 d=0 e=0 iou=0.0 ch=1.0 asp=1.1 -> 240/275 87.27%
[99/288] fs=110 d=0 e=0 iou=0.0 ch=1.0 asp=1.15 -> 242/275 88.00%
[100/288] fs=110 d=0 e=0 iou=0.0 ch=1.0 asp=1.25 -> 241/275 87.64%
[101/288] fs=110 d=0 e=0 iou=0.5 ch=1.0 asp=1.05 -> 240/275 87.27%
[102/288] fs=110 d=0 e=0 iou=0.5 ch=1.0 asp=1.1 -> 243/275 88.36%
[103/288] fs=110 d=0 e=0 iou=0.5 ch=1.0 asp=1.15 -> 245/275 89.09%
[104/288] fs=110 d=0 e=0 iou=0.5 ch=1.0 asp=1.25 -> 244/275 88.73%
[105/288] fs=110 d=0 e=0 iou=1.0 ch=1.0 asp=1.05 -> 240/275 87.27%
[106/288] fs=110 d=0 e=0 iou=1.0 ch=1.0 asp=1.1 -> 243/275 88.36%
[107/288] fs=110 d=0 e=0 iou=1.0 ch=1.0 asp=1.15 -> 245/275 89.09%
[108/288] fs=110 d=0 e=0 iou=1.0 ch=1.0 asp=1.25 -> 244/275 88.73%
[109/288] fs=110 d=0 e=0 iou=2.0 ch=1.0 asp=1.05 -> 239/275 86.91%
[110/288] fs=110 d=0 e=0 iou=2.0 ch=1.0 asp=1.1 -> 242/275 88.00%
[111/288] fs=110 d=0 e=0 iou=2.0 ch=1.0 asp=1.15 -> 244/275 88.73%
[112/288] fs=110 d=0 e=0 iou=2.0 ch=1.0 asp=1.25 -> 243/275 88.36%
[113/288] fs=110 d=0 e=3 iou=0.0 ch=1.0 asp=1.05 -> 239/275 86.91%
[114/288] fs=110 d=0 e=3 iou=0.0 ch=1.0 asp=1.1 -> 242/275 88.00%
[115/288] fs=110 d=0 e=3 iou=0.0 ch=1.0 asp=1.15 -> 244/275 88.73%
[116/288] fs=110 d=0 e=3 iou=0.0 ch=1.0 asp=1.25 -> 243/275 88.36%
[117/288] fs=110 d=0 e=3 iou=0.5 ch=1.0 asp=1.05 -> 239/275 86.91%
[118/288] fs=110 d=0 e=3 iou=0.5 ch=1.0 asp=1.1 -> 242/275 88.00%
[119/288] fs=110 d=0 e=3 iou=0.5 ch=1.0 asp=1.15 -> 244/275 88.73%
[120/288] fs=110 d=0 e=3 iou=0.5 ch=1.0 asp=1.25 -> 243/275 88.36%
[121/288] fs=110 d=0 e=3 iou=1.0 ch=1.0 asp=1.05 -> 240/275 87.27%
[122/288] fs=110 d=0 e=3 iou=1.0 ch=1.0 asp=1.1 -> 243/275 88.36%
[123/288] fs=110 d=0 e=3 iou=1.0 ch=1.0 asp=1.15 -> 245/275 89.09%
[124/288] fs=110 d=0 e=3 iou=1.0 ch=1.0 asp=1.25 -> 244/275 88.73%
[125/288] fs=110 d=0 e=3 iou=2.0 ch=1.0 asp=1.05 -> 240/275 87.27%
[126/288] fs=110 d=0 e=3 iou=2.0 ch=1.0 asp=1.1 -> 243/275 88.36%
[127/288] fs=110 d=0 e=3 iou=2.0 ch=1.0 asp=1.15 -> 245/275 89.09%
[128/288] fs=110 d=0 e=3 iou=2.0 ch=1.0 asp=1.25 -> 244/275 88.73%
[129/288] fs=110 d=3 e=0 iou=0.0 ch=1.0 asp=1.05 -> 236/275 85.82%
[130/288] fs=110 d=3 e=0 iou=0.0 ch=1.0 asp=1.1 -> 239/275 86.91%
[131/288] fs=110 d=3 e=0 iou=0.0 ch=1.0 asp=1.15 -> 241/275 87.64%
[132/288] fs=110 d=3 e=0 iou=0.0 ch=1.0 asp=1.25 -> 240/275 87.27%
[133/288] fs=110 d=3 e=0 iou=0.5 ch=1.0 asp=1.05 -> 233/275 84.73%
[134/288] fs=110 d=3 e=0 iou=0.5 ch=1.0 asp=1.1 -> 236/275 85.82%
[135/288] fs=110 d=3 e=0 iou=0.5 ch=1.0 asp=1.15 -> 238/275 86.55%
[136/288] fs=110 d=3 e=0 iou=0.5 ch=1.0 asp=1.25 -> 237/275 86.18%
[137/288] fs=110 d=3 e=0 iou=1.0 ch=1.0 asp=1.05 -> 227/275 82.55%
[138/288] fs=110 d=3 e=0 iou=1.0 ch=1.0 asp=1.1 -> 230/275 83.64%
[139/288] fs=110 d=3 e=0 iou=1.0 ch=1.0 asp=1.15 -> 232/275 84.36%
[140/288] fs=110 d=3 e=0 iou=1.0 ch=1.0 asp=1.25 -> 231/275 84.00%
[141/288] fs=110 d=3 e=0 iou=2.0 ch=1.0 asp=1.05 -> 227/275 82.55%
[142/288] fs=110 d=3 e=0 iou=2.0 ch=1.0 asp=1.1 -> 230/275 83.64%
[143/288] fs=110 d=3 e=0 iou=2.0 ch=1.0 asp=1.15 -> 232/275 84.36%
[144/288] fs=110 d=3 e=0 iou=2.0 ch=1.0 asp=1.25 -> 231/275 84.00%
[145/288] fs=110 d=3 e=3 iou=0.0 ch=1.0 asp=1.05 -> 236/275 85.82%
[146/288] fs=110 d=3 e=3 iou=0.0 ch=1.0 asp=1.1 -> 239/275 86.91%
[147/288] fs=110 d=3 e=3 iou=0.0 ch=1.0 asp=1.15 -> 241/275 87.64%
[148/288] fs=110 d=3 e=3 iou=0.0 ch=1.0 asp=1.25 -> 240/275 87.27%
[149/288] fs=110 d=3 e=3 iou=0.5 ch=1.0 asp=1.05 -> 240/275 87.27%
[150/288] fs=110 d=3 e=3 iou=0.5 ch=1.0 asp=1.1 -> 243/275 88.36%
[151/288] fs=110 d=3 e=3 iou=0.5 ch=1.0 asp=1.15 -> 245/275 89.09%
[152/288] fs=110 d=3 e=3 iou=0.5 ch=1.0 asp=1.25 -> 244/275 88.73%
[153/288] fs=110 d=3 e=3 iou=1.0 ch=1.0 asp=1.05 -> 240/275 87.27%
[154/288] fs=110 d=3 e=3 iou=1.0 ch=1.0 asp=1.1 -> 243/275 88.36%
[155/288] fs=110 d=3 e=3 iou=1.0 ch=1.0 asp=1.15 -> 245/275 89.09%
[156/288] fs=110 d=3 e=3 iou=1.0 ch=1.0 asp=1.25 -> 244/275 88.73%
[157/288] fs=110 d=3 e=3 iou=2.0 ch=1.0 asp=1.05 -> 240/275 87.27%
[158/288] fs=110 d=3 e=3 iou=2.0 ch=1.0 asp=1.1 -> 243/275 88.36%
[159/288] fs=110 d=3 e=3 iou=2.0 ch=1.0 asp=1.15 -> 245/275 89.09%
[160/288] fs=110 d=3 e=3 iou=2.0 ch=1.0 asp=1.25 -> 244/275 88.73%
[161/288] fs=110 d=5 e=0 iou=0.0 ch=1.0 asp=1.05 -> 220/275 80.00%
[162/288] fs=110 d=5 e=0 iou=0.0 ch=1.0 asp=1.1 -> 223/275 81.09%
[163/288] fs=110 d=5 e=0 iou=0.0 ch=1.0 asp=1.15 -> 225/275 81.82%
[164/288] fs=110 d=5 e=0 iou=0.0 ch=1.0 asp=1.25 -> 224/275 81.45%
[165/288] fs=110 d=5 e=0 iou=0.5 ch=1.0 asp=1.05 -> 220/275 80.00%
[166/288] fs=110 d=5 e=0 iou=0.5 ch=1.0 asp=1.1 -> 223/275 81.09%
[167/288] fs=110 d=5 e=0 iou=0.5 ch=1.0 asp=1.15 -> 225/275 81.82%
[168/288] fs=110 d=5 e=0 iou=0.5 ch=1.0 asp=1.25 -> 224/275 81.45%
[169/288] fs=110 d=5 e=0 iou=1.0 ch=1.0 asp=1.05 -> 222/275 80.73%
[170/288] fs=110 d=5 e=0 iou=1.0 ch=1.0 asp=1.1 -> 225/275 81.82%
[171/288] fs=110 d=5 e=0 iou=1.0 ch=1.0 asp=1.15 -> 227/275 82.55%
[172/288] fs=110 d=5 e=0 iou=1.0 ch=1.0 asp=1.25 -> 226/275 82.18%
[173/288] fs=110 d=5 e=0 iou=2.0 ch=1.0 asp=1.05 -> 226/275 82.18%
[174/288] fs=110 d=5 e=0 iou=2.0 ch=1.0 asp=1.1 -> 229/275 83.27%
[175/288] fs=110 d=5 e=0 iou=2.0 ch=1.0 asp=1.15 -> 231/275 84.00%
[176/288] fs=110 d=5 e=0 iou=2.0 ch=1.0 asp=1.25 -> 230/275 83.64%
[177/288] fs=110 d=5 e=3 iou=0.0 ch=1.0 asp=1.05 -> 236/275 85.82%
[178/288] fs=110 d=5 e=3 iou=0.0 ch=1.0 asp=1.1 -> 239/275 86.91%
[179/288] fs=110 d=5 e=3 iou=0.0 ch=1.0 asp=1.15 -> 241/275 87.64%
[180/288] fs=110 d=5 e=3 iou=0.0 ch=1.0 asp=1.25 -> 240/275 87.27%
[181/288] fs=110 d=5 e=3 iou=0.5 ch=1.0 asp=1.05 -> 233/275 84.73%
[182/288] fs=110 d=5 e=3 iou=0.5 ch=1.0 asp=1.1 -> 236/275 85.82%
[183/288] fs=110 d=5 e=3 iou=0.5 ch=1.0 asp=1.15 -> 238/275 86.55%
[184/288] fs=110 d=5 e=3 iou=0.5 ch=1.0 asp=1.25 -> 237/275 86.18%
[185/288] fs=110 d=5 e=3 iou=1.0 ch=1.0 asp=1.05 -> 227/275 82.55%
[186/288] fs=110 d=5 e=3 iou=1.0 ch=1.0 asp=1.1 -> 230/275 83.64%
[187/288] fs=110 d=5 e=3 iou=1.0 ch=1.0 asp=1.15 -> 232/275 84.36%
[188/288] fs=110 d=5 e=3 iou=1.0 ch=1.0 asp=1.25 -> 231/275 84.00%
[189/288] fs=110 d=5 e=3 iou=2.0 ch=1.0 asp=1.05 -> 227/275 82.55%
[190/288] fs=110 d=5 e=3 iou=2.0 ch=1.0 asp=1.1 -> 230/275 83.64%
[191/288] fs=110 d=5 e=3 iou=2.0 ch=1.0 asp=1.15 -> 232/275 84.36%
[192/288] fs=110 d=5 e=3 iou=2.0 ch=1.0 asp=1.25 -> 231/275 84.00%
[193/288] fs=130 d=0 e=0 iou=0.0 ch=1.0 asp=1.05 -> 241/275 87.64%
[194/288] fs=130 d=0 e=0 iou=0.0 ch=1.0 asp=1.1 -> 244/275 88.73%
[195/288] fs=130 d=0 e=0 iou=0.0 ch=1.0 asp=1.15 -> 246/275 89.45%
[196/288] fs=130 d=0 e=0 iou=0.0 ch=1.0 asp=1.25 -> 245/275 89.09%
[197/288] fs=130 d=0 e=0 iou=0.5 ch=1.0 asp=1.05 -> 241/275 87.64%
[198/288] fs=130 d=0 e=0 iou=0.5 ch=1.0 asp=1.1 -> 244/275 88.73%
[199/288] fs=130 d=0 e=0 iou=0.5 ch=1.0 asp=1.15 -> 246/275 89.45%
[200/288] fs=130 d=0 e=0 iou=0.5 ch=1.0 asp=1.25 -> 245/275 89.09%
[201/288] fs=130 d=0 e=0 iou=1.0 ch=1.0 asp=1.05 -> 241/275 87.64%
[202/288] fs=130 d=0 e=0 iou=1.0 ch=1.0 asp=1.1 -> 244/275 88.73%
[203/288] fs=130 d=0 e=0 iou=1.0 ch=1.0 asp=1.15 -> 246/275 89.45%
[204/288] fs=130 d=0 e=0 iou=1.0 ch=1.0 asp=1.25 -> 245/275 89.09%
[205/288] fs=130 d=0 e=0 iou=2.0 ch=1.0 asp=1.05 -> 236/275 85.82%
[206/288] fs=130 d=0 e=0 iou=2.0 ch=1.0 asp=1.1 -> 239/275 86.91%
[207/288] fs=130 d=0 e=0 iou=2.0 ch=1.0 asp=1.15 -> 241/275 87.64%
[208/288] fs=130 d=0 e=0 iou=2.0 ch=1.0 asp=1.25 -> 240/275 87.27%
[209/288] fs=130 d=0 e=3 iou=0.0 ch=1.0 asp=1.05 -> 240/275 87.27%
[210/288] fs=130 d=0 e=3 iou=0.0 ch=1.0 asp=1.1 -> 243/275 88.36%
[211/288] fs=130 d=0 e=3 iou=0.0 ch=1.0 asp=1.15 -> 244/275 88.73%
[212/288] fs=130 d=0 e=3 iou=0.0 ch=1.0 asp=1.25 -> 243/275 88.36%
[213/288] fs=130 d=0 e=3 iou=0.5 ch=1.0 asp=1.05 -> 240/275 87.27%
[214/288] fs=130 d=0 e=3 iou=0.5 ch=1.0 asp=1.1 -> 243/275 88.36%
[215/288] fs=130 d=0 e=3 iou=0.5 ch=1.0 asp=1.15 -> 244/275 88.73%
[216/288] fs=130 d=0 e=3 iou=0.5 ch=1.0 asp=1.25 -> 243/275 88.36%
[217/288] fs=130 d=0 e=3 iou=1.0 ch=1.0 asp=1.05 -> 240/275 87.27%
[218/288] fs=130 d=0 e=3 iou=1.0 ch=1.0 asp=1.1 -> 243/275 88.36%
[219/288] fs=130 d=0 e=3 iou=1.0 ch=1.0 asp=1.15 -> 244/275 88.73%
[220/288] fs=130 d=0 e=3 iou=1.0 ch=1.0 asp=1.25 -> 243/275 88.36%
[221/288] fs=130 d=0 e=3 iou=2.0 ch=1.0 asp=1.05 -> 239/275 86.91%
[222/288] fs=130 d=0 e=3 iou=2.0 ch=1.0 asp=1.1 -> 242/275 88.00%
[223/288] fs=130 d=0 e=3 iou=2.0 ch=1.0 asp=1.15 -> 243/275 88.36%
[224/288] fs=130 d=0 e=3 iou=2.0 ch=1.0 asp=1.25 -> 242/275 88.00%
[225/288] fs=130 d=3 e=0 iou=0.0 ch=1.0 asp=1.05 -> 234/275 85.09%
[226/288] fs=130 d=3 e=0 iou=0.0 ch=1.0 asp=1.1 -> 237/275 86.18%
[227/288] fs=130 d=3 e=0 iou=0.0 ch=1.0 asp=1.15 -> 239/275 86.91%
[228/288] fs=130 d=3 e=0 iou=0.0 ch=1.0 asp=1.25 -> 238/275 86.55%
[229/288] fs=130 d=3 e=0 iou=0.5 ch=1.0 asp=1.05 -> 231/275 84.00%
[230/288] fs=130 d=3 e=0 iou=0.5 ch=1.0 asp=1.1 -> 234/275 85.09%
[231/288] fs=130 d=3 e=0 iou=0.5 ch=1.0 asp=1.15 -> 236/275 85.82%
[232/288] fs=130 d=3 e=0 iou=0.5 ch=1.0 asp=1.25 -> 235/275 85.45%
[233/288] fs=130 d=3 e=0 iou=1.0 ch=1.0 asp=1.05 -> 231/275 84.00%
[234/288] fs=130 d=3 e=0 iou=1.0 ch=1.0 asp=1.1 -> 234/275 85.09%
[235/288] fs=130 d=3 e=0 iou=1.0 ch=1.0 asp=1.15 -> 236/275 85.82%
[236/288] fs=130 d=3 e=0 iou=1.0 ch=1.0 asp=1.25 -> 235/275 85.45%
[237/288] fs=130 d=3 e=0 iou=2.0 ch=1.0 asp=1.05 -> 231/275 84.00%
[238/288] fs=130 d=3 e=0 iou=2.0 ch=1.0 asp=1.1 -> 234/275 85.09%
[239/288] fs=130 d=3 e=0 iou=2.0 ch=1.0 asp=1.15 -> 236/275 85.82%
[240/288] fs=130 d=3 e=0 iou=2.0 ch=1.0 asp=1.25 -> 235/275 85.45%
[241/288] fs=130 d=3 e=3 iou=0.0 ch=1.0 asp=1.05 -> 241/275 87.64%
[242/288] fs=130 d=3 e=3 iou=0.0 ch=1.0 asp=1.1 -> 244/275 88.73%
[243/288] fs=130 d=3 e=3 iou=0.0 ch=1.0 asp=1.15 -> 246/275 89.45%
[244/288] fs=130 d=3 e=3 iou=0.0 ch=1.0 asp=1.25 -> 245/275 89.09%
[245/288] fs=130 d=3 e=3 iou=0.5 ch=1.0 asp=1.05 -> 241/275 87.64%
[246/288] fs=130 d=3 e=3 iou=0.5 ch=1.0 asp=1.1 -> 244/275 88.73%
[247/288] fs=130 d=3 e=3 iou=0.5 ch=1.0 asp=1.15 -> 246/275 89.45%
[248/288] fs=130 d=3 e=3 iou=0.5 ch=1.0 asp=1.25 -> 245/275 89.09%
[249/288] fs=130 d=3 e=3 iou=1.0 ch=1.0 asp=1.05 -> 241/275 87.64%
[250/288] fs=130 d=3 e=3 iou=1.0 ch=1.0 asp=1.1 -> 244/275 88.73%
[251/288] fs=130 d=3 e=3 iou=1.0 ch=1.0 asp=1.15 -> 246/275 89.45%
[252/288] fs=130 d=3 e=3 iou=1.0 ch=1.0 asp=1.25 -> 245/275 89.09%
[253/288] fs=130 d=3 e=3 iou=2.0 ch=1.0 asp=1.05 -> 236/275 85.82%
[254/288] fs=130 d=3 e=3 iou=2.0 ch=1.0 asp=1.1 -> 239/275 86.91%
[255/288] fs=130 d=3 e=3 iou=2.0 ch=1.0 asp=1.15 -> 241/275 87.64%
[256/288] fs=130 d=3 e=3 iou=2.0 ch=1.0 asp=1.25 -> 240/275 87.27%
[257/288] fs=130 d=5 e=0 iou=0.0 ch=1.0 asp=1.05 -> 223/275 81.09%
[258/288] fs=130 d=5 e=0 iou=0.0 ch=1.0 asp=1.1 -> 226/275 82.18%
[259/288] fs=130 d=5 e=0 iou=0.0 ch=1.0 asp=1.15 -> 228/275 82.91%
[260/288] fs=130 d=5 e=0 iou=0.0 ch=1.0 asp=1.25 -> 227/275 82.55%
[261/288] fs=130 d=5 e=0 iou=0.5 ch=1.0 asp=1.05 -> 224/275 81.45%
[262/288] fs=130 d=5 e=0 iou=0.5 ch=1.0 asp=1.1 -> 227/275 82.55%
[263/288] fs=130 d=5 e=0 iou=0.5 ch=1.0 asp=1.15 -> 229/275 83.27%
[264/288] fs=130 d=5 e=0 iou=0.5 ch=1.0 asp=1.25 -> 228/275 82.91%
[265/288] fs=130 d=5 e=0 iou=1.0 ch=1.0 asp=1.05 -> 227/275 82.55%
[266/288] fs=130 d=5 e=0 iou=1.0 ch=1.0 asp=1.1 -> 230/275 83.64%
[267/288] fs=130 d=5 e=0 iou=1.0 ch=1.0 asp=1.15 -> 232/275 84.36%
[268/288] fs=130 d=5 e=0 iou=1.0 ch=1.0 asp=1.25 -> 231/275 84.00%
[269/288] fs=130 d=5 e=0 iou=2.0 ch=1.0 asp=1.05 -> 227/275 82.55%
[270/288] fs=130 d=5 e=0 iou=2.0 ch=1.0 asp=1.1 -> 230/275 83.64%
[271/288] fs=130 d=5 e=0 iou=2.0 ch=1.0 asp=1.15 -> 232/275 84.36%
[272/288] fs=130 d=5 e=0 iou=2.0 ch=1.0 asp=1.25 -> 231/275 84.00%
[273/288] fs=130 d=5 e=3 iou=0.0 ch=1.0 asp=1.05 -> 234/275 85.09%
[274/288] fs=130 d=5 e=3 iou=0.0 ch=1.0 asp=1.1 -> 237/275 86.18%
[275/288] fs=130 d=5 e=3 iou=0.0 ch=1.0 asp=1.15 -> 239/275 86.91%
[276/288] fs=130 d=5 e=3 iou=0.0 ch=1.0 asp=1.25 -> 238/275 86.55%
[277/288] fs=130 d=5 e=3 iou=0.5 ch=1.0 asp=1.05 -> 231/275 84.00%
[278/288] fs=130 d=5 e=3 iou=0.5 ch=1.0 asp=1.1 -> 234/275 85.09%
[279/288] fs=130 d=5 e=3 iou=0.5 ch=1.0 asp=1.15 -> 236/275 85.82%
[280/288] fs=130 d=5 e=3 iou=0.5 ch=1.0 asp=1.25 -> 235/275 85.45%
[281/288] fs=130 d=5 e=3 iou=1.0 ch=1.0 asp=1.05 -> 231/275 84.00%
[282/288] fs=130 d=5 e=3 iou=1.0 ch=1.0 asp=1.1 -> 234/275 85.09%
[283/288] fs=130 d=5 e=3 iou=1.0 ch=1.0 asp=1.15 -> 236/275 85.82%
[284/288] fs=130 d=5 e=3 iou=1.0 ch=1.0 asp=1.25 -> 235/275 85.45%
[285/288] fs=130 d=5 e=3 iou=2.0 ch=1.0 asp=1.05 -> 231/275 84.00%
[286/288] fs=130 d=5 e=3 iou=2.0 ch=1.0 asp=1.1 -> 234/275 85.09%
[287/288] fs=130 d=5 e=3 iou=2.0 ch=1.0 asp=1.15 -> 236/275 85.82%
[288/288] fs=130 d=5 e=3 iou=2.0 ch=1.0 asp=1.25 -> 235/275 85.45%

=== TOP 15 ===
acc%    font  dil  ero  iou   ch   asp
 89.45    130    3    3   1.0  1.0  1.15
 89.45    130    3    3   0.5  1.0  1.15
 89.45    130    3    3   0.0  1.0  1.15
 89.45    130    0    0   1.0  1.0  1.15
 89.45    130    0    0   0.5  1.0  1.15
 89.45    130    0    0   0.0  1.0  1.15
 89.09    130    3    3   1.0  1.0  1.25
 89.09    130    3    3   0.5  1.0  1.25
 89.09    130    3    3   0.0  1.0  1.25
 89.09    130    0    0   1.0  1.0  1.25
 89.09    130    0    0   0.5  1.0  1.25
 89.09    130    0    0   0.0  1.0  1.25
 89.09    110    3    3   2.0  1.0  1.15
 89.09    110    3    3   1.0  1.0  1.15
 89.09    110    3    3   0.5  1.0  1.15
